Annotated: make_carat_pass_work
Annotated: kmem_sys_free
Annotated: _kmem_sys_malloc
Fetching nk_carat_instrument_global ... 
Fetching nk_carat_instrument_escapes ... 
Fetching nk_carat_instrument_free ... 
Fetching nk_carat_instrument_calloc ... 
Fetching _nk_carat_globals_compiler_target ... 
Fetching nk_carat_instrument_realloc ... 
Fetching nk_carat_init ... 
Fetching nk_carat_instrument_malloc ... 
Fetching kmem_sys_free ... 
Fetching _kmem_sys_malloc ... 
Now intrinsics!
llvm.lifetime.start.p0i8
llvm.memset.p0i8.i64
llvm.lifetime.end.p0i8
llvm.fabs.f64
llvm.memcpy.p0i8.p0i8.i64
Vetting _kmem_sys_malloc ...
WARNING: Suspicious user: i8* bitcast (i8* (i64)* @_kmem_sys_malloc to i8*)
Vetting kmem_sys_free ...
WARNING: Suspicious user: i8* bitcast (void (i8*)* @kmem_sys_free to i8*)
WARNING (ThreadLocal): @ue = internal thread_local unnamed_addr global [24 x [5 x double]] zeroinitializer, align 16
WARNING (ThreadLocal): @buf = internal thread_local unnamed_addr global [24 x [5 x double]] zeroinitializer, align 16
WARNING (ThreadLocal): @cuf = internal thread_local unnamed_addr global [24 x double] zeroinitializer, align 16
WARNING (ThreadLocal): @q = internal thread_local unnamed_addr global [24 x double] zeroinitializer, align 16
NextMemUse:   store i8* (...)** %2, i8* (...)*** @__nk_func_table, align 8, !tbaa !3
