Annotated: make_carat_pass_work
Annotated: kmem_sys_free
Annotated: _kmem_sys_malloc
Fetching nk_carat_instrument_global ... 
Fetching nk_carat_instrument_escapes ... 
Fetching nk_carat_instrument_free ... 
Fetching nk_carat_instrument_calloc ... 
Fetching _nk_carat_globals_compiler_target ... 
Fetching nk_carat_instrument_realloc ... 
Fetching nk_carat_init ... 
Fetching nk_carat_instrument_malloc ... 
Fetching kmem_sys_free ... 
Fetching _kmem_sys_malloc ... 
Now intrinsics!
llvm.lifetime.start.p0i8
llvm.memset.p0i8.i64
llvm.lifetime.end.p0i8
llvm.fabs.f64
Vetting _kmem_sys_malloc ...
WARNING: Suspicious user: i8* bitcast (i8* (i64)* @_kmem_sys_malloc to i8*)
Vetting kmem_sys_free ...
WARNING: Suspicious user: i8* bitcast (void (i8*)* @kmem_sys_free to i8*)
NextMemUse:   store i8* (...)** %2, i8* (...)*** @__nk_func_table, align 8, !tbaa !3
NextMemUse:   store double* getelementptr inbounds ([5 x double], [5 x double]* @rsdnm, i64 0, i64 0), double** %31, align 8, !tbaa !9
NextMemUse:   store [33 x [33 x [5 x double]]]* getelementptr inbounds ([33 x [33 x [33 x [5 x double]]]], [33 x [33 x [33 x [5 x double]]]]* @rsd, i64 0, i64 0), [33 x [33 x [5 x double]]]** %30, align 8, !tbaa !9
NextMemUse:   store double* %215, double** %22, align 8, !tbaa !9
NextMemUse:   store [33 x [33 x [5 x double]]]* getelementptr inbounds ([33 x [33 x [33 x [5 x double]]]], [33 x [33 x [33 x [5 x double]]]]* @rsd, i64 0, i64 0), [33 x [33 x [5 x double]]]** %21, align 8, !tbaa !9
NextMemUse:   store [33 x [33 x [5 x double]]]* getelementptr inbounds ([33 x [33 x [33 x [5 x double]]]], [33 x [33 x [33 x [5 x double]]]]* @rsd, i64 0, i64 0), [33 x [33 x [5 x double]]]** %12, align 8, !tbaa !9
NextMemUse:   store double* getelementptr inbounds ([5 x double], [5 x double]* @rsdnm, i64 0, i64 0), double** %13, align 8, !tbaa !9
