Annotated: make_carat_pass_work
Annotated: kmem_sys_free
Annotated: _kmem_sys_malloc
Fetching nk_carat_instrument_global ... 
Fetching nk_carat_instrument_escapes ... 
Fetching nk_carat_instrument_free ... 
Fetching nk_carat_instrument_calloc ... 
Fetching _nk_carat_globals_compiler_target ... 
Fetching nk_carat_instrument_realloc ... 
Fetching nk_carat_init ... 
Fetching nk_carat_instrument_malloc ... 
Fetching kmem_sys_free ... 
Fetching _kmem_sys_malloc ... 
Now intrinsics!
llvm.lifetime.start.p0i8
llvm.lifetime.end.p0i8
Vetting _kmem_sys_malloc ...
WARNING: Suspicious user: i8* bitcast (i8* (i64)* @_kmem_sys_malloc to i8*)
Vetting kmem_sys_free ...
WARNING: Suspicious user: i8* bitcast (void (i8*)* @kmem_sys_free to i8*)
NextMemUse:   store i8* %2, i8** %6, align 8
NextMemUse:   store i8* %0, i8** %3, align 8
NextMemUse:   store i8* %0, i8** %4, align 8
NextMemUse:   store i8* %1, i8** %5, align 8
NextMemUse:   store i8* (...)** %2, i8* (...)*** %6, align 8
NextMemUse:   store i8* (...)** %10, i8* (...)*** @__nk_func_table, align 8
NextMemUse:   store i8** %1, i8*** %5, align 8
NextMemUse:   store %struct.nk_crt_proc_args* %13, %struct.nk_crt_proc_args** %7, align 8
